<?xml version="1.0" encoding="UTF-8"?>
<testng-results skipped="0" failed="0" ignored="0" total="1" passed="1">
  <reporter-output>
  </reporter-output>
  <suite name="Default suite" duration-ms="52734" started-at="2017-09-30T14:29:31Z" finished-at="2017-09-30T14:30:23Z">
    <groups>
    </groups>
    <test name="Default test" duration-ms="52734" started-at="2017-09-30T14:29:31Z" finished-at="2017-09-30T14:30:23Z">
      <class name="tests.Expedia">
        <test-method status="PASS" signature="setUp()[pri:0, instance:tests.Expedia@4520ebad]" name="setUp" is-config="true" duration-ms="19136" started-at="2017-09-30T10:29:31Z" finished-at="2017-09-30T10:29:50Z">
          <reporter-output>
          </reporter-output>
        </test-method> <!-- setUp -->
        <test-method status="PASS" signature="hotelReservation()[pri:0, instance:tests.Expedia@4520ebad]" name="hotelReservation" duration-ms="33573" started-at="2017-09-30T10:29:50Z" finished-at="2017-09-30T10:30:23Z">
          <reporter-output>
          </reporter-output>
        </test-method> <!-- hotelReservation -->
        <test-method status="PASS" signature="tearDown()[pri:0, instance:tests.Expedia@4520ebad]" name="tearDown" is-config="true" duration-ms="1" started-at="2017-09-30T10:30:23Z" finished-at="2017-09-30T10:30:23Z">
          <reporter-output>
          </reporter-output>
        </test-method> <!-- tearDown -->
      </class> <!-- tests.Expedia -->
    </test> <!-- Default test -->
  </suite> <!-- Default suite -->
</testng-results>
